[0m22:16:50.315736 [debug] [MainThread]: Sending event: {'category': 'dbt', 'action': 'invocation', 'label': 'start', 'context': [<snowplow_tracker.self_describing_json.SelfDescribingJson object at 0x00000271DA31D250>, <snowplow_tracker.self_describing_json.SelfDescribingJson object at 0x00000271DC24AA60>, <snowplow_tracker.self_describing_json.SelfDescribingJson object at 0x00000271DC24A820>]}


============================== 22:16:50.355561 | 8d35aab3-498a-4a66-a724-84dbcfc063da ==============================
[0m22:16:50.355561 [info ] [MainThread]: Running with dbt=1.9.2
[0m22:16:50.363203 [debug] [MainThread]: running dbt with arguments {'printer_width': '80', 'indirect_selection': 'eager', 'log_cache_events': 'False', 'write_json': 'True', 'partial_parse': 'True', 'cache_selected_only': 'False', 'profiles_dir': 'C:\\Users\\wuxin\\.dbt', 'debug': 'False', 'warn_error': 'None', 'log_path': 'logs', 'fail_fast': 'False', 'version_check': 'True', 'use_colors': 'True', 'use_experimental_parser': 'False', 'no_print': 'None', 'quiet': 'False', 'empty': 'None', 'warn_error_options': 'WarnErrorOptions(include=[], exclude=[])', 'invocation_command': 'dbt init dbtlearn', 'introspect': 'True', 'log_format': 'default', 'target_path': 'None', 'static_parser': 'True', 'send_anonymous_usage_stats': 'True'}
[0m22:16:50.660339 [debug] [MainThread]: Starter project path: C:\Users\wuxin\Desktop\course\venv\lib\site-packages\dbt\include\starter_project
[0m22:16:50.943350 [info ] [MainThread]: 
Your new dbt project "dbtlearn" was created!

For more information on how to configure the profiles.yml file,
please consult the dbt documentation here:

  https://docs.getdbt.com/docs/configure-your-profile

One more thing:

Need help? Don't hesitate to reach out to us via GitHub issues or on Slack:

  https://community.getdbt.com/

Happy modeling!

[0m22:16:50.950455 [info ] [MainThread]: Setting up your profile.
[0m22:20:46.561222 [info ] [MainThread]: Profile dbtlearn written to C:\Users\wuxin\.dbt\profiles.yml using target's profile_template.yml and your supplied values. Run 'dbt debug' to validate the connection.
[0m22:20:46.580591 [debug] [MainThread]: Command `dbt init` succeeded at 22:20:46.579575 after 236.89 seconds
[0m22:20:46.586163 [debug] [MainThread]: Sending event: {'category': 'dbt', 'action': 'invocation', 'label': 'end', 'context': [<snowplow_tracker.self_describing_json.SelfDescribingJson object at 0x00000271DA31D250>, <snowplow_tracker.self_describing_json.SelfDescribingJson object at 0x00000271DC24A7C0>, <snowplow_tracker.self_describing_json.SelfDescribingJson object at 0x00000271DC286D90>]}
[0m22:20:46.590163 [debug] [MainThread]: Flushing usage events
[0m22:20:47.361714 [debug] [MainThread]: An error was encountered while trying to flush usage events
